[15:49 - 04.12.2025] - INFO - Инициализация логирования успешна
[15:49 - 04.12.2025] - INFO - Основные переменные успешно инициализированы
[15:49 - 04.12.2025] - INFO - Подключение к vk_api успешно
[15:49 - 04.12.2025] - INFO - Подключение к vk_api успешно
[15:49 - 04.12.2025] - INFO - Подключение к Google Sheets успешно
[15:49 - 04.12.2025] - INFO - Подключение к Google Sheets успешно
[15:49 - 04.12.2025] - INFO - Подключение к Google Sheets успешно
[15:52 - 04.12.2025] - INFO - Инициализация логирования успешна
[15:52 - 04.12.2025] - INFO - Основные переменные успешно инициализированы
[15:52 - 04.12.2025] - INFO - Подключение к vk_api успешно
[15:52 - 04.12.2025] - INFO - Подключение к vk_api успешно
[15:52 - 04.12.2025] - INFO - Подключение к Google Sheets успешно
[15:52 - 04.12.2025] - INFO - Подключение к Google Sheets успешно
[15:52 - 04.12.2025] - INFO - Подключение к Google Sheets успешно
[15:52 - 04.12.2025] - INFO - Инициализация логирования успешна
[15:52 - 04.12.2025] - INFO - Основные переменные успешно инициализированы
[15:52 - 04.12.2025] - INFO - Подключение к vk_api успешно
[15:52 - 04.12.2025] - INFO - Подключение к vk_api успешно
[15:52 - 04.12.2025] - INFO - Подключение к Google Sheets успешно
[15:52 - 04.12.2025] - INFO - Подключение к Google Sheets успешно
[15:52 - 04.12.2025] - INFO - Подключение к Google Sheets успешно
[17:41 - 04.12.2025] - INFO - Инициализация логирования успешна
[17:41 - 04.12.2025] - INFO - Основные переменные успешно инициализированы
[17:41 - 04.12.2025] - INFO - Подключение к Google Sheets успешно
[17:42 - 04.12.2025] - INFO - Инициализация логирования успешна
[17:42 - 04.12.2025] - INFO - Основные переменные успешно инициализированы
[17:42 - 04.12.2025] - INFO - Подключение к vk_api успешно
[17:42 - 04.12.2025] - INFO - Подключение к vk_api успешно
[17:42 - 04.12.2025] - INFO - Подключение к Google Sheets успешно
[17:42 - 04.12.2025] - INFO - Подключение к Google Sheets успешно
[17:42 - 04.12.2025] - INFO - Инициализация логирования успешна
[17:42 - 04.12.2025] - INFO - Основные переменные успешно инициализированы
[17:42 - 04.12.2025] - INFO - Подключение к vk_api успешно
[17:42 - 04.12.2025] - INFO - Подключение к vk_api успешно
[17:42 - 04.12.2025] - INFO - Подключение к Google Sheets успешно
[17:42 - 04.12.2025] - INFO - Подключение к Google Sheets успешно
[17:43 - 04.12.2025] - INFO - Инициализация логирования успешна
[17:43 - 04.12.2025] - INFO - Основные переменные успешно инициализированы
[17:43 - 04.12.2025] - INFO - Подключение к vk_api успешно
[17:43 - 04.12.2025] - INFO - Подключение к vk_api успешно
[17:43 - 04.12.2025] - INFO - Подключение к Google Sheets успешно
[17:43 - 04.12.2025] - INFO - Подключение к Google Sheets успешно
[17:44 - 04.12.2025] - INFO - Инициализация логирования успешна
[17:44 - 04.12.2025] - INFO - Основные переменные успешно инициализированы
[17:44 - 04.12.2025] - INFO - Подключение к vk_api успешно
[17:44 - 04.12.2025] - INFO - Подключение к vk_api успешно
[17:44 - 04.12.2025] - INFO - Подключение к Google Sheets успешно
[17:44 - 04.12.2025] - INFO - Подключение к Google Sheets успешно
[17:45 - 04.12.2025] - INFO - Инициализация логирования успешна
[17:45 - 04.12.2025] - INFO - Основные переменные успешно инициализированы
[17:45 - 04.12.2025] - INFO - Подключение к vk_api успешно
[17:45 - 04.12.2025] - INFO - Подключение к vk_api успешно
[17:45 - 04.12.2025] - INFO - Подключение к Google Sheets успешно
[17:45 - 04.12.2025] - INFO - Подключение к Google Sheets успешно
[17:47 - 04.12.2025] - INFO - Инициализация логирования успешна
[17:47 - 04.12.2025] - INFO - Основные переменные успешно инициализированы
[17:47 - 04.12.2025] - INFO - Подключение к vk_api успешно
[17:47 - 04.12.2025] - INFO - Подключение к vk_api успешно
[17:47 - 04.12.2025] - INFO - Подключение к Google Sheets успешно
[17:47 - 04.12.2025] - INFO - Подключение к Google Sheets успешно
[17:48 - 04.12.2025] - INFO - Инициализация логирования успешна
[17:48 - 04.12.2025] - INFO - Основные переменные успешно инициализированы
[17:48 - 04.12.2025] - INFO - Подключение к vk_api успешно
[17:48 - 04.12.2025] - INFO - Подключение к vk_api успешно
[17:48 - 04.12.2025] - INFO - Подключение к Google Sheets успешно
[17:48 - 04.12.2025] - INFO - Подключение к Google Sheets успешно
[17:49 - 04.12.2025] - INFO - Инициализация логирования успешна
[17:49 - 04.12.2025] - INFO - Основные переменные успешно инициализированы
[17:49 - 04.12.2025] - INFO - Подключение к vk_api успешно
[17:49 - 04.12.2025] - INFO - Подключение к vk_api успешно
[17:49 - 04.12.2025] - INFO - Подключение к Google Sheets успешно
[17:49 - 04.12.2025] - INFO - Подключение к Google Sheets успешно
[17:49 - 04.12.2025] - INFO - Инициализация логирования успешна
[17:49 - 04.12.2025] - INFO - Основные переменные успешно инициализированы
[17:49 - 04.12.2025] - INFO - Подключение к vk_api успешно
[17:49 - 04.12.2025] - INFO - Подключение к vk_api успешно
[17:49 - 04.12.2025] - INFO - Подключение к Google Sheets успешно
[17:49 - 04.12.2025] - INFO - Подключение к Google Sheets успешно
[17:51 - 04.12.2025] - INFO - Инициализация логирования успешна
[17:51 - 04.12.2025] - INFO - Основные переменные успешно инициализированы
[17:51 - 04.12.2025] - INFO - Подключение к vk_api успешно
[17:51 - 04.12.2025] - INFO - Подключение к vk_api успешно
[17:51 - 04.12.2025] - INFO - Подключение к Google Sheets успешно
[17:51 - 04.12.2025] - INFO - Подключение к Google Sheets успешно
[17:52 - 04.12.2025] - INFO - Инициализация логирования успешна
[17:52 - 04.12.2025] - INFO - Основные переменные успешно инициализированы
[17:52 - 04.12.2025] - INFO - Подключение к vk_api успешно
[17:52 - 04.12.2025] - INFO - Подключение к vk_api успешно
[17:52 - 04.12.2025] - INFO - Подключение к Google Sheets успешно
[17:52 - 04.12.2025] - INFO - Подключение к Google Sheets успешно
[18:03 - 04.12.2025] - INFO - Инициализация логирования успешна
[18:03 - 04.12.2025] - INFO - Основные переменные успешно инициализированы
[18:03 - 04.12.2025] - INFO - Подключение к vk_api успешно
[18:03 - 04.12.2025] - INFO - Подключение к vk_api успешно
[18:03 - 04.12.2025] - INFO - Подключение к Google Sheets успешно
[18:03 - 04.12.2025] - INFO - Подключение к Google Sheets успешно
[18:05 - 04.12.2025] - INFO - Инициализация логирования успешна
[18:05 - 04.12.2025] - INFO - Основные переменные успешно инициализированы
[18:05 - 04.12.2025] - INFO - Подключение к vk_api успешно
[18:05 - 04.12.2025] - INFO - Подключение к vk_api успешно
[18:05 - 04.12.2025] - INFO - Подключение к Google Sheets успешно
[18:05 - 04.12.2025] - INFO - Подключение к Google Sheets успешно
[18:07 - 04.12.2025] - INFO - Инициализация логирования успешна
[18:07 - 04.12.2025] - INFO - Основные переменные успешно инициализированы
[18:07 - 04.12.2025] - INFO - Подключение к vk_api успешно
[18:07 - 04.12.2025] - INFO - Подключение к vk_api успешно
[18:07 - 04.12.2025] - INFO - Подключение к Google Sheets успешно
[18:07 - 04.12.2025] - INFO - Подключение к Google Sheets успешно
[23:06 - 04.12.2025] - INFO - Инициализация логирования успешна
[23:06 - 04.12.2025] - INFO - Основные переменные успешно инициализированы
[23:06 - 04.12.2025] - INFO - Подключение к vk_api успешно
[23:06 - 04.12.2025] - INFO - Подключение к vk_api успешно
[23:10 - 04.12.2025] - INFO - Инициализация логирования успешна
[23:10 - 04.12.2025] - INFO - Основные переменные успешно инициализированы
[23:10 - 04.12.2025] - INFO - Подключение к vk_api успешно
[23:10 - 04.12.2025] - INFO - Подключение к vk_api успешно
[23:10 - 04.12.2025] - INFO - Подключение к Google Sheets успешно
[23:10 - 04.12.2025] - INFO - Подключение к Google Sheets успешно
[23:17 - 04.12.2025] - INFO - Инициализация логирования успешна
[23:17 - 04.12.2025] - INFO - Основные переменные успешно инициализированы
[23:17 - 04.12.2025] - INFO - Подключение к vk_api успешно
[23:17 - 04.12.2025] - INFO - Подключение к vk_api успешно
[23:17 - 04.12.2025] - INFO - Подключение к Google Sheets успешно
[23:17 - 04.12.2025] - INFO - Подключение к Google Sheets успешно
[23:19 - 04.12.2025] - INFO - Инициализация логирования успешна
[23:19 - 04.12.2025] - INFO - Основные переменные успешно инициализированы
[23:19 - 04.12.2025] - INFO - Подключение к vk_api успешно
[23:19 - 04.12.2025] - INFO - Подключение к vk_api успешно
[23:19 - 04.12.2025] - INFO - Подключение к Google Sheets успешно
[23:19 - 04.12.2025] - INFO - Подключение к Google Sheets успешно
[23:19 - 04.12.2025] - ERROR - Ошибка при обработке события: HandlerLSMessages.handler_ls_messages() takes 4 positional arguments but 5 were given
Traceback (most recent call last):
  File "D:\Rybakov\src\services\handlers\events.py", line 19, in handler_event
    handler_ls_messages.handler_ls_messages(msg, user_id, chat_id, event)
    ~~~~~~~~~~~~~~~~~~~~~~~~~~~~~~~~~~~~~~~^^^^^^^^^^^^^^^^^^^^^^^^^^^^^^
TypeError: HandlerLSMessages.handler_ls_messages() takes 4 positional arguments but 5 were given

[23:19 - 04.12.2025] - ERROR - Ошибка при обработке события: HandlerLSMessages.handler_ls_messages() takes 4 positional arguments but 5 were given
Traceback (most recent call last):
  File "D:\Rybakov\src\services\handlers\events.py", line 19, in handler_event
    handler_ls_messages.handler_ls_messages(msg, user_id, chat_id, event)
    ~~~~~~~~~~~~~~~~~~~~~~~~~~~~~~~~~~~~~~~^^^^^^^^^^^^^^^^^^^^^^^^^^^^^^
TypeError: HandlerLSMessages.handler_ls_messages() takes 4 positional arguments but 5 were given

[23:20 - 04.12.2025] - ERROR - Ошибка при обработке события: HandlerLSMessages.handler_ls_messages() takes 4 positional arguments but 5 were given
Traceback (most recent call last):
  File "D:\Rybakov\src\services\handlers\events.py", line 19, in handler_event
    handler_ls_messages.handler_ls_messages(msg, user_id, chat_id, event)
    ~~~~~~~~~~~~~~~~~~~~~~~~~~~~~~~~~~~~~~~^^^^^^^^^^^^^^^^^^^^^^^^^^^^^^
TypeError: HandlerLSMessages.handler_ls_messages() takes 4 positional arguments but 5 were given

[23:20 - 04.12.2025] - INFO - Инициализация логирования успешна
[23:20 - 04.12.2025] - INFO - Основные переменные успешно инициализированы
[23:20 - 04.12.2025] - INFO - Подключение к vk_api успешно
[23:20 - 04.12.2025] - INFO - Подключение к vk_api успешно
[23:20 - 04.12.2025] - INFO - Подключение к Google Sheets успешно
[23:20 - 04.12.2025] - INFO - Подключение к Google Sheets успешно
[23:20 - 04.12.2025] - ERROR - Ошибка при обработке события: HandlerLSMessages.handler_ls_messages() takes 4 positional arguments but 5 were given
Traceback (most recent call last):
  File "D:\Rybakov\src\services\handlers\events.py", line 19, in handler_event
    handler_ls_messages.handler_ls_messages(msg, user_id, chat_id, event)
    ~~~~~~~~~~~~~~~~~~~~~~~~~~~~~~~~~~~~~~~^^^^^^^^^^^^^^^^^^^^^^^^^^^^^^
TypeError: HandlerLSMessages.handler_ls_messages() takes 4 positional arguments but 5 were given

[23:21 - 04.12.2025] - INFO - Инициализация логирования успешна
[23:21 - 04.12.2025] - INFO - Основные переменные успешно инициализированы
[23:21 - 04.12.2025] - INFO - Подключение к vk_api успешно
[23:21 - 04.12.2025] - INFO - Подключение к vk_api успешно
[23:21 - 04.12.2025] - INFO - Подключение к Google Sheets успешно
[23:21 - 04.12.2025] - INFO - Подключение к Google Sheets успешно
[23:21 - 04.12.2025] - ERROR - Ошибка при обработке события: HandlerLSMessages.handler_ls_messages() takes 4 positional arguments but 5 were given
Traceback (most recent call last):
  File "D:\Rybakov\src\services\handlers\events.py", line 20, in handler_event
    handler_ls_messages.handler_ls_messages(msg, user_id, chat_id, event)
    ~~~~~~~~~~~~~~~~~~~~~~~~~~~~~~~~~~~~~~~^^^^^^^^^^^^^^^^^^^^^^^^^^^^^^
TypeError: HandlerLSMessages.handler_ls_messages() takes 4 positional arguments but 5 were given

[23:22 - 04.12.2025] - INFO - Инициализация логирования успешна
[23:22 - 04.12.2025] - INFO - Основные переменные успешно инициализированы
[23:22 - 04.12.2025] - INFO - Подключение к vk_api успешно
[23:22 - 04.12.2025] - INFO - Подключение к vk_api успешно
[23:22 - 04.12.2025] - INFO - Подключение к Google Sheets успешно
[23:22 - 04.12.2025] - INFO - Подключение к Google Sheets успешно
[23:22 - 04.12.2025] - ERROR - Ошибка при обработке события: HandlerLSMessages.handler_ls_messages() takes 4 positional arguments but 5 were given
Traceback (most recent call last):
  File "D:\Rybakov\src\services\handlers\events.py", line 20, in handler_event
    handler_ls_messages.handler_ls_messages(msg, user_id, chat_id, event)
    ~~~~~~~~~~~~~~~~~~~~~~~~~~~~~~~~~~~~~~~^^^^^^^^^^^^^^^^^^^^^^^^^^^^^^
TypeError: HandlerLSMessages.handler_ls_messages() takes 4 positional arguments but 5 were given

[23:22 - 04.12.2025] - ERROR - Ошибка при обработке события: HandlerLSMessages.handler_ls_messages() takes 4 positional arguments but 5 were given
Traceback (most recent call last):
  File "D:\Rybakov\src\services\handlers\events.py", line 20, in handler_event
    handler_ls_messages.handler_ls_messages(msg, user_id, chat_id, event)
    ~~~~~~~~~~~~~~~~~~~~~~~~~~~~~~~~~~~~~~~^^^^^^^^^^^^^^^^^^^^^^^^^^^^^^
TypeError: HandlerLSMessages.handler_ls_messages() takes 4 positional arguments but 5 were given

[23:22 - 04.12.2025] - ERROR - Ошибка при обработке события: HandlerLSMessages.handler_ls_messages() takes 4 positional arguments but 5 were given
Traceback (most recent call last):
  File "D:\Rybakov\src\services\handlers\events.py", line 20, in handler_event
    handler_ls_messages.handler_ls_messages(msg, user_id, chat_id, event)
    ~~~~~~~~~~~~~~~~~~~~~~~~~~~~~~~~~~~~~~~^^^^^^^^^^^^^^^^^^^^^^^^^^^^^^
TypeError: HandlerLSMessages.handler_ls_messages() takes 4 positional arguments but 5 were given

[23:22 - 04.12.2025] - INFO - Инициализация логирования успешна
[23:22 - 04.12.2025] - INFO - Основные переменные успешно инициализированы
[23:22 - 04.12.2025] - INFO - Подключение к vk_api успешно
[23:22 - 04.12.2025] - INFO - Подключение к vk_api успешно
[23:22 - 04.12.2025] - INFO - Подключение к Google Sheets успешно
[23:22 - 04.12.2025] - INFO - Подключение к Google Sheets успешно
[23:22 - 04.12.2025] - ERROR - Ошибка при обработке события: HandlerLSMessages.handler_ls_messages() takes 4 positional arguments but 5 were given
Traceback (most recent call last):
  File "D:\Rybakov\src\services\handlers\events.py", line 20, in handler_event
    handler_ls_messages.handler_ls_messages(msg, user_id, chat_id, event)
    ~~~~~~~~~~~~~~~~~~~~~~~~~~~~~~~~~~~~~~~^^^^^^^^^^^^^^^^^^^^^^^^^^^^^^
TypeError: HandlerLSMessages.handler_ls_messages() takes 4 positional arguments but 5 were given

[23:22 - 04.12.2025] - INFO - Инициализация логирования успешна
[23:22 - 04.12.2025] - INFO - Основные переменные успешно инициализированы
[23:22 - 04.12.2025] - INFO - Подключение к vk_api успешно
[23:22 - 04.12.2025] - INFO - Подключение к vk_api успешно
[23:22 - 04.12.2025] - INFO - Подключение к Google Sheets успешно
[23:22 - 04.12.2025] - INFO - Подключение к Google Sheets успешно
[23:22 - 04.12.2025] - ERROR - Ошибка при обработке события: HandlerLSMessages.handler_ls_messages() takes 4 positional arguments but 5 were given
Traceback (most recent call last):
  File "D:\Rybakov\src\services\handlers\events.py", line 20, in handler_event
    handler_ls_messages.handler_ls_messages(msg, user_id, chat_id, event)
    ~~~~~~~~~~~~~~~~~~~~~~~~~~~~~~~~~~~~~~~^^^^^^^^^^^^^^^^^^^^^^^^^^^^^^
TypeError: HandlerLSMessages.handler_ls_messages() takes 4 positional arguments but 5 were given

[23:23 - 04.12.2025] - INFO - Инициализация логирования успешна
[23:23 - 04.12.2025] - INFO - Основные переменные успешно инициализированы
[23:23 - 04.12.2025] - INFO - Подключение к vk_api успешно
[23:23 - 04.12.2025] - INFO - Подключение к vk_api успешно
[23:23 - 04.12.2025] - INFO - Подключение к Google Sheets успешно
[23:23 - 04.12.2025] - INFO - Подключение к Google Sheets успешно
[23:23 - 04.12.2025] - ERROR - Ошибка при обработке события: HandlerLSMessages.handler_ls_messages() takes 4 positional arguments but 5 were given
Traceback (most recent call last):
  File "D:\Rybakov\src\services\handlers\events.py", line 20, in handler_event
    handler_ls_messages.handler_ls_messages(msg, user_id, chat_id, event)
    ~~~~~~~~~~~~~~~~~~~~~~~~~~~~~~~~~~~~~~~^^^^^^^^^^^^^^^^^^^^^^^^^^^^^^
TypeError: HandlerLSMessages.handler_ls_messages() takes 4 positional arguments but 5 were given

[23:23 - 04.12.2025] - INFO - Инициализация логирования успешна
[23:23 - 04.12.2025] - INFO - Основные переменные успешно инициализированы
[23:23 - 04.12.2025] - INFO - Подключение к vk_api успешно
[23:24 - 04.12.2025] - INFO - Подключение к vk_api успешно
[23:24 - 04.12.2025] - INFO - Подключение к Google Sheets успешно
[23:24 - 04.12.2025] - INFO - Подключение к Google Sheets успешно
[23:24 - 04.12.2025] - ERROR - Ошибка при обработке события: HandlerLSMessages.handler_ls_message() takes 4 positional arguments but 5 were given
Traceback (most recent call last):
  File "D:\Rybakov\src\services\handlers\events.py", line 20, in handler_event
    handler_ls_messages.handler_ls_message(msg, user_id, chat_id, event)
    ~~~~~~~~~~~~~~~~~~~~~~~~~~~~~~~~~~~~~~^^^^^^^^^^^^^^^^^^^^^^^^^^^^^^
TypeError: HandlerLSMessages.handler_ls_message() takes 4 positional arguments but 5 were given

[23:24 - 04.12.2025] - ERROR - Ошибка при обработке события: HandlerLSMessages.handler_ls_message() takes 4 positional arguments but 5 were given
Traceback (most recent call last):
  File "D:\Rybakov\src\services\handlers\events.py", line 20, in handler_event
    handler_ls_messages.handler_ls_message(msg, user_id, chat_id, event)
    ~~~~~~~~~~~~~~~~~~~~~~~~~~~~~~~~~~~~~~^^^^^^^^^^^^^^^^^^^^^^^^^^^^^^
TypeError: HandlerLSMessages.handler_ls_message() takes 4 positional arguments but 5 were given

[23:24 - 04.12.2025] - INFO - Инициализация логирования успешна
[23:24 - 04.12.2025] - INFO - Основные переменные успешно инициализированы
[23:24 - 04.12.2025] - INFO - Подключение к vk_api успешно
[23:24 - 04.12.2025] - INFO - Подключение к vk_api успешно
[23:24 - 04.12.2025] - INFO - Подключение к Google Sheets успешно
[23:24 - 04.12.2025] - INFO - Подключение к Google Sheets успешно
[23:24 - 04.12.2025] - ERROR - Ошибка при обработке события: HandlerLSMessages.handler_ls_message() takes 4 positional arguments but 5 were given
Traceback (most recent call last):
  File "D:\Rybakov\src\services\handlers\events.py", line 20, in handler_event
    handler_ls_messages.handler_ls_message(msg, user_id, chat_id, event)
    ~~~~~~~~~~~~~~~~~~~~~~~~~~~~~~~~~~~~~~^^^^^^^^^^^^^^^^^^^^^^^^^^^^^^
TypeError: HandlerLSMessages.handler_ls_message() takes 4 positional arguments but 5 were given

[23:26 - 04.12.2025] - INFO - Инициализация логирования успешна
[23:26 - 04.12.2025] - INFO - Основные переменные успешно инициализированы
[23:26 - 04.12.2025] - INFO - Подключение к vk_api успешно
[23:26 - 04.12.2025] - INFO - Подключение к vk_api успешно
[23:26 - 04.12.2025] - INFO - Подключение к Google Sheets успешно
[23:26 - 04.12.2025] - INFO - Подключение к Google Sheets успешно
[23:26 - 04.12.2025] - ERROR - Ошибка при обработке события: HandlerLSMessages.handler_ls_message() takes 4 positional arguments but 5 were given
Traceback (most recent call last):
  File "D:\Rybakov\src\services\handlers\events.py", line 20, in handler_event
    handler_ls_messages.handler_ls_message(msg, user_id, chat_id, event)
    ~~~~~~~~~~~~~~~~~~~~~~~~~~~~~~~~~~~~~~^^^^^^^^^^^^^^^^^^^^^^^^^^^^^^
TypeError: HandlerLSMessages.handler_ls_message() takes 4 positional arguments but 5 were given

[23:26 - 04.12.2025] - INFO - Инициализация логирования успешна
[23:26 - 04.12.2025] - INFO - Основные переменные успешно инициализированы
[23:26 - 04.12.2025] - INFO - Подключение к vk_api успешно
[23:26 - 04.12.2025] - INFO - Подключение к vk_api успешно
[23:26 - 04.12.2025] - INFO - Подключение к Google Sheets успешно
[23:26 - 04.12.2025] - INFO - Подключение к Google Sheets успешно
[23:26 - 04.12.2025] - ERROR - Ошибка при обработке события: HandlerLSMessages.handler_ls_message() takes 4 positional arguments but 5 were given
Traceback (most recent call last):
  File "D:\Rybakov\src\services\handlers\events.py", line 20, in handler_event
    handler_ls_messages.handler_ls_message(msg, user_id, chat_id, event)
    ~~~~~~~~~~~~~~~~~~~~~~~~~~~~~~~~~~~~~~^^^^^^^^^^^^^^^^^^^^^^^^^^^^^^
TypeError: HandlerLSMessages.handler_ls_message() takes 4 positional arguments but 5 were given

[23:26 - 04.12.2025] - INFO - Инициализация логирования успешна
[23:26 - 04.12.2025] - INFO - Основные переменные успешно инициализированы
[23:26 - 04.12.2025] - INFO - Подключение к vk_api успешно
[23:26 - 04.12.2025] - INFO - Подключение к vk_api успешно
[23:26 - 04.12.2025] - INFO - Подключение к Google Sheets успешно
[23:26 - 04.12.2025] - INFO - Подключение к Google Sheets успешно
[23:26 - 04.12.2025] - ERROR - Ошибка при обработке события: HandlerLSMessages.handler_ls_message() takes 4 positional arguments but 5 were given
Traceback (most recent call last):
  File "D:\Rybakov\src\services\handlers\events.py", line 20, in handler_event
    handler_ls_messages.handler_ls_message(msg, user_id, chat_id, event)
    ~~~~~~~~~~~~~~~~~~~~~~~~~~~~~~~~~~~~~~^^^^^^^^^^^^^^^^^^^^^^^^^^^^^^
TypeError: HandlerLSMessages.handler_ls_message() takes 4 positional arguments but 5 were given

[23:27 - 04.12.2025] - INFO - Инициализация логирования успешна
[23:27 - 04.12.2025] - INFO - Основные переменные успешно инициализированы
[23:27 - 04.12.2025] - INFO - Подключение к vk_api успешно
[23:27 - 04.12.2025] - INFO - Подключение к vk_api успешно
[23:27 - 04.12.2025] - INFO - Подключение к Google Sheets успешно
[23:27 - 04.12.2025] - INFO - Подключение к Google Sheets успешно
[23:27 - 04.12.2025] - ERROR - Ошибка при обработке события: HandlerLSMessages.handler_ls_message() takes 4 positional arguments but 5 were given
Traceback (most recent call last):
  File "D:\Rybakov\src\services\handlers\events.py", line 20, in handler_event
    handler_ls_messages.handler_ls_message(msg, user_id, chat_id, event)
    ~~~~~~~~~~~~~~~~~~~~~~~~~~~~~~~~~~~~~~^^^^^^^^^^^^^^^^^^^^^^^^^^^^^^
TypeError: HandlerLSMessages.handler_ls_message() takes 4 positional arguments but 5 were given

[23:27 - 04.12.2025] - ERROR - Ошибка при обработке события: HandlerLSMessages.handler_ls_message() takes 4 positional arguments but 5 were given
Traceback (most recent call last):
  File "D:\Rybakov\src\services\handlers\events.py", line 20, in handler_event
    handler_ls_messages.handler_ls_message(msg, user_id, chat_id, event)
    ~~~~~~~~~~~~~~~~~~~~~~~~~~~~~~~~~~~~~~^^^^^^^^^^^^^^^^^^^^^^^^^^^^^^
TypeError: HandlerLSMessages.handler_ls_message() takes 4 positional arguments but 5 were given

[23:27 - 04.12.2025] - ERROR - Ошибка при обработке события: HandlerLSMessages.handler_ls_message() takes 4 positional arguments but 5 were given
Traceback (most recent call last):
  File "D:\Rybakov\src\services\handlers\events.py", line 20, in handler_event
    handler_ls_messages.handler_ls_message(msg, user_id, chat_id, event)
    ~~~~~~~~~~~~~~~~~~~~~~~~~~~~~~~~~~~~~~^^^^^^^^^^^^^^^^^^^^^^^^^^^^^^
TypeError: HandlerLSMessages.handler_ls_message() takes 4 positional arguments but 5 were given

[23:27 - 04.12.2025] - ERROR - Ошибка при обработке события: HandlerLSMessages.handler_ls_message() takes 4 positional arguments but 5 were given
Traceback (most recent call last):
  File "D:\Rybakov\src\services\handlers\events.py", line 20, in handler_event
    handler_ls_messages.handler_ls_message(msg, user_id, chat_id, event)
    ~~~~~~~~~~~~~~~~~~~~~~~~~~~~~~~~~~~~~~^^^^^^^^^^^^^^^^^^^^^^^^^^^^^^
TypeError: HandlerLSMessages.handler_ls_message() takes 4 positional arguments but 5 were given

[23:28 - 04.12.2025] - INFO - Инициализация логирования успешна
[23:28 - 04.12.2025] - INFO - Основные переменные успешно инициализированы
[23:28 - 04.12.2025] - INFO - Подключение к vk_api успешно
[23:28 - 04.12.2025] - INFO - Подключение к vk_api успешно
[23:28 - 04.12.2025] - INFO - Подключение к Google Sheets успешно
[23:28 - 04.12.2025] - INFO - Подключение к Google Sheets успешно
[23:29 - 04.12.2025] - INFO - Инициализация логирования успешна
[23:29 - 04.12.2025] - INFO - Основные переменные успешно инициализированы
[23:29 - 04.12.2025] - INFO - Подключение к vk_api успешно
[23:29 - 04.12.2025] - INFO - Подключение к vk_api успешно
[23:29 - 04.12.2025] - INFO - Подключение к Google Sheets успешно
[23:29 - 04.12.2025] - INFO - Подключение к Google Sheets успешно
[23:30 - 04.12.2025] - INFO - Инициализация логирования успешна
[23:30 - 04.12.2025] - INFO - Основные переменные успешно инициализированы
[23:30 - 04.12.2025] - INFO - Подключение к vk_api успешно
[23:30 - 04.12.2025] - INFO - Подключение к vk_api успешно
[23:30 - 04.12.2025] - INFO - Подключение к Google Sheets успешно
[23:30 - 04.12.2025] - INFO - Подключение к Google Sheets успешно
[23:30 - 04.12.2025] - ERROR - Ошибка в команде [club228639029|@rybakovbot] #Несмешно 4089: type object 'Senders' has no attribute 'get_midd'
Traceback (most recent call last):
  File "D:\Rybakov\src\services\handlers\posts\chat\controllers\handler_posts_chat.py", line 32, in handler_commands_for_posts
    command["handler"](**params)
    ~~~~~~~~~~~~~~~~~~^^^^^^^^^^
  File "D:\Rybakov\src\services\handlers\posts\chat\models\check_posts\chat\check_posts.py", line 82, in no_approved_post_chat
    f"{Senders.get_midd(msg, chat_id)}")
       ^^^^^^^^^^^^^^^^
AttributeError: type object 'Senders' has no attribute 'get_midd'

[23:31 - 04.12.2025] - INFO - Инициализация логирования успешна
[23:31 - 04.12.2025] - INFO - Основные переменные успешно инициализированы
[23:31 - 04.12.2025] - INFO - Подключение к vk_api успешно
[23:31 - 04.12.2025] - INFO - Подключение к vk_api успешно
[23:31 - 04.12.2025] - INFO - Подключение к Google Sheets успешно
[23:31 - 04.12.2025] - INFO - Подключение к Google Sheets успешно
[23:34 - 04.12.2025] - INFO - Инициализация логирования успешна
[23:34 - 04.12.2025] - INFO - Основные переменные успешно инициализированы
[23:34 - 04.12.2025] - INFO - Подключение к vk_api успешно
[23:34 - 04.12.2025] - INFO - Подключение к vk_api успешно
[23:34 - 04.12.2025] - INFO - Подключение к Google Sheets успешно
[23:34 - 04.12.2025] - INFO - Подключение к Google Sheets успешно
[23:36 - 04.12.2025] - INFO - Инициализация логирования успешна
[23:36 - 04.12.2025] - INFO - Основные переменные успешно инициализированы
[23:36 - 04.12.2025] - INFO - Подключение к vk_api успешно
[23:36 - 04.12.2025] - INFO - Подключение к vk_api успешно
[23:36 - 04.12.2025] - INFO - Подключение к Google Sheets успешно
[23:36 - 04.12.2025] - INFO - Подключение к Google Sheets успешно
[23:40 - 04.12.2025] - INFO - Инициализация логирования успешна
[23:40 - 04.12.2025] - INFO - Основные переменные успешно инициализированы
[23:40 - 04.12.2025] - INFO - Подключение к vk_api успешно
[23:40 - 04.12.2025] - INFO - Подключение к vk_api успешно
[23:40 - 04.12.2025] - INFO - Подключение к Google Sheets успешно
[23:40 - 04.12.2025] - INFO - Подключение к Google Sheets успешно
[23:40 - 04.12.2025] - INFO - Инициализация логирования успешна
[23:40 - 04.12.2025] - INFO - Основные переменные успешно инициализированы
[23:40 - 04.12.2025] - INFO - Подключение к vk_api успешно
[23:40 - 04.12.2025] - INFO - Подключение к vk_api успешно
[23:40 - 04.12.2025] - INFO - Подключение к Google Sheets успешно
[23:40 - 04.12.2025] - INFO - Подключение к Google Sheets успешно
[23:42 - 04.12.2025] - INFO - Инициализация логирования успешна
[23:42 - 04.12.2025] - INFO - Основные переменные успешно инициализированы
[23:42 - 04.12.2025] - INFO - Подключение к vk_api успешно
[23:42 - 04.12.2025] - INFO - Подключение к vk_api успешно
[23:42 - 04.12.2025] - INFO - Подключение к Google Sheets успешно
[23:42 - 04.12.2025] - INFO - Подключение к Google Sheets успешно
[23:44 - 04.12.2025] - INFO - Инициализация логирования успешна
[23:44 - 04.12.2025] - INFO - Основные переменные успешно инициализированы
[23:44 - 04.12.2025] - INFO - Подключение к vk_api успешно
[23:44 - 04.12.2025] - INFO - Подключение к vk_api успешно
[23:44 - 04.12.2025] - INFO - Подключение к Google Sheets успешно
[23:44 - 04.12.2025] - INFO - Подключение к Google Sheets успешно
